0 info it worked if it ends with ok
1 verbose cli [ '/home/tajima-junpei/.nvm/v0.11.9/bin/node',
1 verbose cli   '/home/tajima-junpei/.nvm/v0.11.9/bin/npm',
1 verbose cli   'start' ]
2 info using npm@1.3.15
3 info using node@v0.11.9
4 verbose run-script [ 'prestart', 'start', 'poststart' ]
5 info prestart koa-sample@0.0.0
6 info start koa-sample@0.0.0
7 verbose unsafe-perm in lifecycle true
8 info koa-sample@0.0.0 Failed to exec start script
9 error koa-sample@0.0.0 start: `node --harmony index.js`
9 error Exit status 1
10 error Failed at the koa-sample@0.0.0 start script.
10 error This is most likely a problem with the koa-sample package,
10 error not with npm itself.
10 error Tell the author that this fails on your system:
10 error     node --harmony index.js
10 error You can get their info via:
10 error     npm owner ls koa-sample
10 error There is likely additional logging output above.
11 error System Linux 3.3.7-tajima
12 error command "/home/tajima-junpei/.nvm/v0.11.9/bin/node" "/home/tajima-junpei/.nvm/v0.11.9/bin/npm" "start"
13 error cwd /home/tajima-junpei/Documents/bitbucket/koa-sample
14 error node -v v0.11.9
15 error npm -v 1.3.15
16 error code ELIFECYCLE
17 verbose exit [ 1, true ]
